This is pdfTeX, Version 3.141592653-2.6-1.40.27 (TeX Live 2025) (preloaded format=pdflatex 2025.4.24)  23 APR 2026 12:48
entering extended mode
 restricted \write18 enabled.
 %&-line parsing enabled.
**main.tex
(./main.tex
LaTeX2e <2024-11-01> patch level 2
L3 programming layer <2025-01-18>
(/usr/local/texlive/2025/texmf-dist/tex/latex/aastex/aastex631.cls
Document Class: aastex631 2020/12/20 Version 6.3.1d/AAS markup document class
Class aastex Info: 
 
 Original \LaTeX2.09 style by Chris Biemesderfer (chris@seagoat.com). 
 Adapted to \LaTeXe by A. Ogawa (ogawa@teleport.com)
 emulateapj.cls included, Copyright 2000-2015 Alexey Vikhlinin 
 Rewrite and update of emulateapj.cls, revised and enhanced with table macros, 
gridlines, draft watermark,
 track changes, new `modern' style and much more, by Amy Hendrickson,
 (amyh@texnology.com, http://www.texnology.com) 
 
  on input line 106.
\bibbaselineskip=\skip49
(/usr/local/texlive/2025/texmf-dist/tex/latex/revtex4-1/revtex4-1.cls
Document Class: revtex4-1 2020/09/30 4.1s (http://publish.aps.org/revtex4/ for 
documentation)
 Copyright (c) 2009 The American Physical Society.
 mailto:revtex@aps.org
 Licensed under the LPPL:
http://www.ctan.org/tex-archive/macros/latex/base/lppl.txt
 Arthur Ogawa <arthur_ogawa at sbcglobal dot net>
 Based on work by David Carlisle <david at dcarlisle.demon.co.uk>.
ltxutil[2020/09/30 4.1s utilities package (portions licensed from W. E. Baxter 
web at superscript.com)]
LaTeX Info: Redefining \@centercr on input line 346.
Class revtex4-1 Info: Repairing hyperref-unfriendly LaTeX definition of \mpfoot
note on input line 471.
Class revtex4-1 Info: Repairing broken LateX \@sect on input line 793.
\intertabularlinepenalty=\count196
\@tbpen=\count197
\@arstrutbox@hline=\box52
Class revtex4-1 Info: Repairing broken LaTeX \@xbitor on input line 1824.
Class revtex4-1 Info: Making \typeout \long on input line 2089.
ltxfront[2020/09/30 4.1s frontmatter package (AO,DPC)]
\c@affil=\count198
\c@collab=\count199
\absbox=\box53
ltxgrid[2020/09/30 4.1s page grid package (portions licensed from W. E. Baxter 
web at superscript.com)]
\c@linecount=\count266
\output@latex=\toks17
\box@size@1=\box54
\box@size@2=\box55
\@protection@box=\box56
\@topmark@saved=\toks18
\footins@saved=\box57
\footins@recovered=\box58
\column@recovered=\box59
\pagesofar=\box60
\footsofar=\box61
\pagegrid@col=\count267
Class revtex4-1 Info: Overriding \@vspace, \@vspacer, \@no@pgbk, \@newline, and
 \\  on input line 5655.
\c@part=\count268
\c@section=\count269
\c@subsection=\count270
\c@subsubsection=\count271
\c@paragraph=\count272
\c@subparagraph=\count273
\abovecaptionskip=\skip50
\belowcaptionskip=\skip51
\c@figure=\count274
\fbox@1=\box62
\c@table=\count275
\fbox@2=\box63
\c@video=\count276
\fbox@4=\box64
\@bibdataout=\write3
\widetext@top=\box65
\widetext@bot=\box66
Class revtex4-1 Info: Selecting society aps on input line 7616.
(/usr/local/texlive/2025/texmf-dist/tex/latex/revtex4-1/aps4-1.rtx
File: aps4-1 2020/09/30 4.1s (http://publish.aps.org/revtex4/ for documentation
)
Class revtex4-1 Info: RevTeX society APS selected on input line 31.
)
Class revtex4-1 Info: Selecting journal pra on input line 7618.
Class revtex4-1 Info: APS journal PRA selected on input line 7619.

(/usr/local/texlive/2025/texmf-dist/tex/latex/revtex4-1/aps10pt4-1.rtx
File: aps10pt4-1 2020/09/30 4.1s (http://publish.aps.org/revtex4/ for documenta
tion)
Class revtex4-1 Info: RevTeX pointsize 10pt selected on input line 30.
)
(/usr/local/texlive/2025/texmf-dist/tex/latex/textcase/textcase.sty
Package: textcase 2025/02/16 v1.05 Text only upper/lower case changing (DPC)
Package textcase Info: Defining Legacy names on input line 20.
)
(/usr/local/texlive/2025/texmf-dist/tex/latex/url/url.sty
\Urlmuskip=\muskip17
Package: url 2013/09/16  ver 3.4  Verb mode for urls, etc.
)
(/usr/local/texlive/2025/texmf-dist/tex/latex/natbib/natbib.sty
Package: natbib 2010/09/13 8.31b (PWD, AO)
\bibhang=\skip52
\bibsep=\skip53
LaTeX Info: Redefining \cite on input line 694.
\c@NAT@ctr=\count277
)
Class revtex4-1 Info: Repairing natbib's \BibitemShut on input line 7623.

(/usr/local/texlive/2025/texmf-dist/tex/latex/revtex4-1/revsymb4-1.sty
Package: revsymb4-1 2020/09/30 4.1s (http://publish.aps.org/revtex4/ for docume
ntation)
LaTeX Info: Redefining \REV@mathfrak on input line 119.
))
(/usr/local/texlive/2025/texmf-dist/tex/latex/base/latexsym.sty
Package: latexsym 1998/08/17 v2.2e Standard LaTeX package (lasy symbols)
\symlasy=\mathgroup4
LaTeX Font Info:    Overwriting symbol font `lasy' in version `bold'
(Font)                  U/lasy/m/n --> U/lasy/b/n on input line 52.
)
(/usr/local/texlive/2025/texmf-dist/tex/latex/graphics/graphicx.sty
Package: graphicx 2021/09/16 v1.2d Enhanced LaTeX Graphics (DPC,SPQR)

(/usr/local/texlive/2025/texmf-dist/tex/latex/graphics/keyval.sty
Package: keyval 2022/05/29 v1.15 key=value parser (DPC)
\KV@toks@=\toks19
)
(/usr/local/texlive/2025/texmf-dist/tex/latex/graphics/graphics.sty
Package: graphics 2024/08/06 v1.4g Standard LaTeX Graphics (DPC,SPQR)

(/usr/local/texlive/2025/texmf-dist/tex/latex/graphics/trig.sty
Package: trig 2023/12/02 v1.11 sin cos tan (DPC)
)
(/usr/local/texlive/2025/texmf-dist/tex/latex/graphics-cfg/graphics.cfg
File: graphics.cfg 2016/06/04 v1.11 sample graphics configuration
)
Package graphics Info: Driver file: pdftex.def on input line 106.

(/usr/local/texlive/2025/texmf-dist/tex/latex/graphics-def/pdftex.def
File: pdftex.def 2024/04/13 v1.2c Graphics/color driver for pdftex
))
\Gin@req@height=\dimen141
\Gin@req@width=\dimen142
)
(/usr/local/texlive/2025/texmf-dist/tex/latex/amsfonts/amssymb.sty
Package: amssymb 2013/01/14 v3.01 AMS font symbols

(/usr/local/texlive/2025/texmf-dist/tex/latex/amsfonts/amsfonts.sty
Package: amsfonts 2013/01/14 v3.01 Basic AMSFonts support
\@emptytoks=\toks20
\symAMSa=\mathgroup5
\symAMSb=\mathgroup6
LaTeX Font Info:    Redeclaring math symbol \hbar on input line 98.
LaTeX Font Info:    Overwriting math alphabet `\mathfrak' in version `bold'
(Font)                  U/euf/m/n --> U/euf/b/n on input line 106.
LaTeX Info: Redefining \frak on input line 111.
LaTeX Info: Redefining \Bbb on input line 113.
))
(/usr/local/texlive/2025/texmf-dist/tex/generic/epsf/epsf.sty
This is `epsf.tex' v2.7.4 <14 February 2011>
\epsffilein=\read2
\epsfframemargin=\dimen143
\epsfframethickness=\dimen144
\epsfrsize=\dimen145
\epsftmp=\dimen146
\epsftsize=\dimen147
\epsfxsize=\dimen148
\epsfysize=\dimen149
\pspoints=\dimen150
)
\rptnum=\count278
\rptloopnum=\count279
\fncount=\count280
\endfncount=\count281
\c@front@matter@foot@note=\count282
\keys@width=\skip54
\c@lastfootnote=\count283
\tempsectnum=\count284
\ackbox=\box67
\c@remember@figure@num=\count285
\c@remember@table@num=\count286
\bibskip=\skip55
\bibindent=\dimen151
\plot@width=\skip56
\c@table@save=\count287
\@abovenoteskip=\dimen152
\table@note@skip=\skip57
\deluxe@table@width=\skip58
\@d@t@a=\skip59
\c@deluxe@table@num=\count288
\LTcapwidth=\dimen153
\abovedeluxetableskip=\skip60
\belowdeluxetableskip=\skip61
\lastrowheight=\dimen154
\DT@p@ftn=\toks21
\pt@column=\count289
\pt@ncol=\count290
 (/usr/local/texlive/2025/texmf-dist/tex/latex/tools/longtable.sty
Package: longtable 2024-10-27 v4.22 Multi-page Table package (DPC)
\LTleft=\skip62
\LTright=\skip63
\LTpre=\skip64
\LTpost=\skip65
\LTchunksize=\count291
\LTcapwidth=\dimen155
\LT@head=\box68
\LT@firsthead=\box69
\LT@foot=\box70
\LT@lastfoot=\box71
\LT@gbox=\box72
\LT@cols=\count292
\LT@rows=\count293
\c@LT@tables=\count294
\c@LT@chunks=\count295
\LT@p@ftn=\toks22
)
(/usr/local/texlive/2025/texmf-dist/tex/latex/xcolor/xcolor.sty
Package: xcolor 2024/09/29 v3.02 LaTeX color extensions (UK)

(/usr/local/texlive/2025/texmf-dist/tex/latex/graphics-cfg/color.cfg
File: color.cfg 2016/01/02 v1.6 sample color configuration
)
Package xcolor Info: Driver file: pdftex.def on input line 274.

(/usr/local/texlive/2025/texmf-dist/tex/latex/graphics/mathcolor.ltx)
Package xcolor Info: Model `cmy' substituted by `cmy0' on input line 1349.
Package xcolor Info: Model `hsb' substituted by `rgb' on input line 1353.
Package xcolor Info: Model `RGB' extended on input line 1365.
Package xcolor Info: Model `HTML' substituted by `rgb' on input line 1367.
Package xcolor Info: Model `Hsb' substituted by `hsb' on input line 1368.
Package xcolor Info: Model `tHsb' substituted by `hsb' on input line 1369.
Package xcolor Info: Model `HSB' substituted by `hsb' on input line 1370.
Package xcolor Info: Model `Gray' substituted by `gray' on input line 1371.
Package xcolor Info: Model `wave' substituted by `hsb' on input line 1372.
)
(/usr/local/texlive/2025/texmf-dist/tex/latex/hyperref/hyperref.sty
Package: hyperref 2024-11-05 v7.01l Hypertext links for LaTeX

(/usr/local/texlive/2025/texmf-dist/tex/generic/iftex/iftex.sty
Package: iftex 2024/12/12 v1.0g TeX engine tests
)
(/usr/local/texlive/2025/texmf-dist/tex/latex/kvsetkeys/kvsetkeys.sty
Package: kvsetkeys 2022-10-05 v1.19 Key value parser (HO)
)
(/usr/local/texlive/2025/texmf-dist/tex/generic/kvdefinekeys/kvdefinekeys.sty
Package: kvdefinekeys 2019-12-19 v1.6 Define keys (HO)
)
(/usr/local/texlive/2025/texmf-dist/tex/generic/pdfescape/pdfescape.sty
Package: pdfescape 2019/12/09 v1.15 Implements pdfTeX's escape features (HO)

(/usr/local/texlive/2025/texmf-dist/tex/generic/ltxcmds/ltxcmds.sty
Package: ltxcmds 2023-12-04 v1.26 LaTeX kernel commands for general use (HO)
)
(/usr/local/texlive/2025/texmf-dist/tex/generic/pdftexcmds/pdftexcmds.sty
Package: pdftexcmds 2020-06-27 v0.33 Utility functions of pdfTeX for LuaTeX (HO
)

(/usr/local/texlive/2025/texmf-dist/tex/generic/infwarerr/infwarerr.sty
Package: infwarerr 2019/12/03 v1.5 Providing info/warning/error messages (HO)
)
Package pdftexcmds Info: \pdf@primitive is available.
Package pdftexcmds Info: \pdf@ifprimitive is available.
Package pdftexcmds Info: \pdfdraftmode found.
))
(/usr/local/texlive/2025/texmf-dist/tex/latex/hycolor/hycolor.sty
Package: hycolor 2020-01-27 v1.10 Color options for hyperref/bookmark (HO)
)
(/usr/local/texlive/2025/texmf-dist/tex/latex/hyperref/nameref.sty
Package: nameref 2023-11-26 v2.56 Cross-referencing by name of section

(/usr/local/texlive/2025/texmf-dist/tex/latex/refcount/refcount.sty
Package: refcount 2019/12/15 v3.6 Data extraction from label references (HO)
)
(/usr/local/texlive/2025/texmf-dist/tex/generic/gettitlestring/gettitlestring.s
ty
Package: gettitlestring 2019/12/15 v1.6 Cleanup title references (HO)
 (/usr/local/texlive/2025/texmf-dist/tex/latex/kvoptions/kvoptions.sty
Package: kvoptions 2022-06-15 v3.15 Key value format for package options (HO)
))

Package nameref Warning: The definition of \label has changed! 
(nameref)                Check your packages! 
(nameref)                Replacing it with the kernel definition on input line 
149.

\c@section@level=\count296
) (/usr/local/texlive/2025/texmf-dist/tex/latex/etoolbox/etoolbox.sty
Package: etoolbox 2025/02/11 v2.5l e-TeX tools for LaTeX (JAW)
\etb@tempcnta=\count297
)
(/usr/local/texlive/2025/texmf-dist/tex/generic/stringenc/stringenc.sty
Package: stringenc 2019/11/29 v1.12 Convert strings between diff. encodings (HO
)
)
\@linkdim=\dimen156
\Hy@linkcounter=\count298
\Hy@pagecounter=\count299

(/usr/local/texlive/2025/texmf-dist/tex/latex/hyperref/pd1enc.def
File: pd1enc.def 2024-11-05 v7.01l Hyperref: PDFDocEncoding definition (HO)
Now handling font encoding PD1 ...
... no UTF-8 mapping file for font encoding PD1
)
(/usr/local/texlive/2025/texmf-dist/tex/generic/intcalc/intcalc.sty
Package: intcalc 2019/12/15 v1.3 Expandable calculations with integers (HO)
)
\Hy@SavedSpaceFactor=\count300

(/usr/local/texlive/2025/texmf-dist/tex/latex/hyperref/puenc.def
File: puenc.def 2024-11-05 v7.01l Hyperref: PDF Unicode definition (HO)
Now handling font encoding PU ...
... no UTF-8 mapping file for font encoding PU
)
Package hyperref Info: Option `bookmarks' set `true' on input line 4040.
Package hyperref Info: Option `pdfnewwindow' set `true' on input line 4040.
Package hyperref Info: Option `colorlinks' set `true' on input line 4040.
Package hyperref Info: Option `final' set `true' on input line 4040.
Package hyperref Info: Hyper figures OFF on input line 4157.
Package hyperref Info: Link nesting OFF on input line 4162.
Package hyperref Info: Hyper index ON on input line 4165.
Package hyperref Info: Plain pages OFF on input line 4172.
Package hyperref Info: Backreferencing OFF on input line 4177.
Package hyperref Info: Implicit mode ON; LaTeX internals redefined.
Package hyperref Info: Bookmarks ON on input line 4424.
LaTeX Info: Redefining \href on input line 4674.
\c@Hy@tempcnt=\count301
LaTeX Info: Redefining \url on input line 4763.
\XeTeXLinkMargin=\dimen157

(/usr/local/texlive/2025/texmf-dist/tex/generic/bitset/bitset.sty
Package: bitset 2019/12/09 v1.3 Handle bit-vector datatype (HO)

(/usr/local/texlive/2025/texmf-dist/tex/generic/bigintcalc/bigintcalc.sty
Package: bigintcalc 2019/12/15 v1.5 Expandable calculations on big integers (HO
)
))
\Fld@menulength=\count302
\Field@Width=\dimen158
\Fld@charsize=\dimen159
Package hyperref Info: Hyper figures OFF on input line 6042.
Package hyperref Info: Link nesting OFF on input line 6047.
Package hyperref Info: Hyper index ON on input line 6050.
Package hyperref Info: backreferencing OFF on input line 6057.
Package hyperref Info: Link coloring ON on input line 6060.
Package hyperref Info: Link coloring with OCG OFF on input line 6067.
Package hyperref Info: PDF/A mode OFF on input line 6072.

(/usr/local/texlive/2025/texmf-dist/tex/latex/base/atbegshi-ltx.sty
Package: atbegshi-ltx 2021/01/10 v1.0c Emulation of the original atbegshi
package with kernel methods
)
\Hy@abspage=\count303
\c@Item=\count304
\c@Hfootnote=\count305
)
Package hyperref Info: Driver (autodetected): hpdftex.

(/usr/local/texlive/2025/texmf-dist/tex/latex/hyperref/hpdftex.def
File: hpdftex.def 2024-11-05 v7.01l Hyperref driver for pdfTeX

(/usr/local/texlive/2025/texmf-dist/tex/latex/base/atveryend-ltx.sty
Package: atveryend-ltx 2020/08/19 v1.0a Emulation of the original atveryend pac
kage
with kernel methods
)
\Fld@listcount=\count306
\c@bookmark@seq@number=\count307

(/usr/local/texlive/2025/texmf-dist/tex/latex/rerunfilecheck/rerunfilecheck.sty
Package: rerunfilecheck 2022-07-10 v1.10 Rerun checks for auxiliary files (HO)

(/usr/local/texlive/2025/texmf-dist/tex/generic/uniquecounter/uniquecounter.sty
Package: uniquecounter 2019/12/15 v1.4 Provide unlimited unique counter (HO)
)
Package uniquecounter Info: New unique counter `rerunfilecheck' on input line 2
85.
)
\Hy@SectionHShift=\skip66
) (/usr/local/texlive/2025/texmf-dist/tex/latex/tools/array.sty
Package: array 2024/10/17 v2.6g Tabular extension package (FMi)
\col@sep=\dimen160
\ar@mcellbox=\box73
\extrarowheight=\dimen161
\NC@list=\toks23
\extratabsurround=\skip67
\backup@length=\skip68
\ar@cellbox=\box74
)
\colcount=\count308
\firstcolcount=\count309
\secondcolcount=\count310
\thirdcolcount=\count311
\columncount=\count312
\howmanyDs=\count313
\firsthowmanyDs=\count314
\secondhowmanyDs=\count315
\PartsOfTable=\count316
\columnoneandtwo=\count317
\colnumsused=\count318
\loopnum=\count319
\totalcolumncount=\count320
\totalcolumns=\count321
\firsttablebox=\box75
\secondtablebox=\box76
\thirdtablebox=\box77
\longtablebox=\box78
\splitbox=\box79
\movetabledown=\dimen162
\maxtablewidth=\dimen163
\savetabskip=\dimen164
\tempcounter=\count322
\colheadcount=\count323
\rotatetablebox=\box80
\colorcount=\count324
\editnum=\count325
\refchangenumber=\count326
\listchangenum=\count327

(/usr/local/texlive/2025/texmf-dist/tex/generic/ulem/ulem.sty
\UL@box=\box81
\UL@hyphenbox=\box82
\UL@skip=\skip69
\UL@hook=\toks24
\UL@height=\dimen165
\UL@pe=\count328
\UL@pixel=\dimen166
\ULC@box=\box83
Package: ulem 2019/11/18
\ULdepth=\dimen167
)
\entriesinthiscollab=\count329
\allentries=\count330
\AuthorCollaborationLimit=\count331
\largestAffilNum=\count332
\totalentries=\count333
\docollabnum=\count334
\tempauthornumber=\count335
\countauthors=\count336
\testnum=\count337
\tempauthorminusone=\count338
\affilnum=\count339
\c@affilcount=\count340
\numauthors=\count341
\collabnum=\count342
\collabnamebox=\box84
\widetext@top=\box85
\widetext@bot=\box86
\currwidth=\dimen168
\interactbox=\box87
\movetableright=\dimen169
)
(/usr/local/texlive/2025/texmf-dist/tex/latex/amsmath/amsmath.sty
Package: amsmath 2024/11/05 v2.17t AMS math features
\@mathmargin=\skip70

For additional information on amsmath, use the `?' option.
(/usr/local/texlive/2025/texmf-dist/tex/latex/amsmath/amstext.sty
Package: amstext 2021/08/26 v2.01 AMS text

(/usr/local/texlive/2025/texmf-dist/tex/latex/amsmath/amsgen.sty
File: amsgen.sty 1999/11/30 v2.0 generic functions
\@emptytoks=\toks25
\ex@=\dimen170
)
LaTeX Info: Redefining \text on input line 28.
)
(/usr/local/texlive/2025/texmf-dist/tex/latex/amsmath/amsbsy.sty
Package: amsbsy 1999/11/29 v1.2d Bold Symbols
\pmbraise@=\dimen171
)
(/usr/local/texlive/2025/texmf-dist/tex/latex/amsmath/amsopn.sty
Package: amsopn 2022/04/08 v2.04 operator names
)
\inf@bad=\count343
LaTeX Info: Redefining \frac on input line 233.
\uproot@=\count344
\leftroot@=\count345
LaTeX Info: Redefining \overline on input line 398.
LaTeX Info: Redefining \colon on input line 409.
\classnum@=\count346
\DOTSCASE@=\count347
LaTeX Info: Redefining \ldots on input line 495.
LaTeX Info: Redefining \dots on input line 498.
LaTeX Info: Redefining \cdots on input line 619.
\Mathstrutbox@=\box88
\strutbox@=\box89
LaTeX Info: Redefining \big on input line 721.
LaTeX Info: Redefining \Big on input line 722.
LaTeX Info: Redefining \bigg on input line 723.
LaTeX Info: Redefining \Bigg on input line 724.
\big@size=\dimen172
LaTeX Font Info:    Redeclaring font encoding OML on input line 742.
LaTeX Font Info:    Redeclaring font encoding OMS on input line 743.
\macc@depth=\count348
LaTeX Info: Redefining \bmod on input line 904.
LaTeX Info: Redefining \pmod on input line 909.
LaTeX Info: Redefining \smash on input line 939.
LaTeX Info: Redefining \relbar on input line 969.
LaTeX Info: Redefining \Relbar on input line 970.
\c@MaxMatrixCols=\count349
\dotsspace@=\muskip18
\c@parentequation=\count350
\dspbrk@lvl=\count351
\tag@help=\toks26
\row@=\count352
\column@=\count353
\maxfields@=\count354
\andhelp@=\toks27
\eqnshift@=\dimen173
\alignsep@=\dimen174
\tagshift@=\dimen175
\tagwidth@=\dimen176
\totwidth@=\dimen177
\lineht@=\dimen178
\@envbody=\toks28
\multlinegap=\skip71
\multlinetaggap=\skip72
\mathdisplay@stack=\toks29
LaTeX Info: Redefining \[ on input line 2953.
LaTeX Info: Redefining \] on input line 2954.
)
(/usr/local/texlive/2025/texmf-dist/tex/latex/multirow/multirow.sty
Package: multirow 2024/11/12 v2.9 Span multiple rows of a table
\multirow@colwidth=\skip73
\multirow@cntb=\count355
\multirow@dima=\skip74
\bigstrutjot=\dimen179
)
Class revtex4-1 Info: Unrecognized array package. Please update this document c
lass! (Proceeding with fingers crossed.) on input line 11.
Class revtex4-1 Info: Patching unrecognized longtable package. (Proceeding with
 fingers crossed) on input line 11.
Class revtex4-1 Info: cite was not loaded (OK!) on input line 11.
Class revtex4-1 Info: mcite was not loaded (OK!) on input line 11.
Class revtex4-1 Info: multicol was not loaded (OK!) on input line 11.

(/usr/local/texlive/2025/texmf-dist/tex/latex/l3backend/l3backend-pdftex.def
File: l3backend-pdftex.def 2024-05-08 L3 backend support: PDF output (pdfTeX)
\l__color_backend_stack_int=\count356
\l__pdf_internal_box=\box90
)
(./main.aux)
\openout1 = `main.aux'.

LaTeX Font Info:    Checking defaults for OML/cmm/m/it on input line 11.
LaTeX Font Info:    ... okay on input line 11.
LaTeX Font Info:    Checking defaults for OMS/cmsy/m/n on input line 11.
LaTeX Font Info:    ... okay on input line 11.
LaTeX Font Info:    Checking defaults for OT1/cmr/m/n on input line 11.
LaTeX Font Info:    ... okay on input line 11.
LaTeX Font Info:    Checking defaults for T1/cmr/m/n on input line 11.
LaTeX Font Info:    ... okay on input line 11.
LaTeX Font Info:    Checking defaults for TS1/cmr/m/n on input line 11.
LaTeX Font Info:    ... okay on input line 11.
LaTeX Font Info:    Checking defaults for OMX/cmex/m/n on input line 11.
LaTeX Font Info:    ... okay on input line 11.
LaTeX Font Info:    Checking defaults for U/cmr/m/n on input line 11.
LaTeX Font Info:    ... okay on input line 11.
LaTeX Font Info:    Checking defaults for PD1/pdf/m/n on input line 11.
LaTeX Font Info:    ... okay on input line 11.
LaTeX Font Info:    Checking defaults for PU/pdf/m/n on input line 11.
LaTeX Font Info:    ... okay on input line 11.

(/usr/local/texlive/2025/texmf-dist/tex/context/base/mkii/supp-pdf.mkii
[Loading MPS to PDF converter (version 2006.09.02).]
\scratchcounter=\count357
\scratchdimen=\dimen180
\scratchbox=\box91
\nofMPsegments=\count358
\nofMParguments=\count359
\everyMPshowfont=\toks30
\MPscratchCnt=\count360
\MPscratchDim=\dimen181
\MPnumerator=\count361
\makeMPintoPDFobject=\count362
\everyMPtoPDFconversion=\toks31
) (/usr/local/texlive/2025/texmf-dist/tex/latex/epstopdf-pkg/epstopdf-base.sty
Package: epstopdf-base 2020-01-24 v2.11 Base part for package epstopdf
Package epstopdf-base Info: Redefining graphics rule for `.eps' on input line 4
85.

(/usr/local/texlive/2025/texmf-dist/tex/latex/latexconfig/epstopdf-sys.cfg
File: epstopdf-sys.cfg 2010/07/13 v1.3 Configuration of (r)epstopdf for TeX Liv
e
))
(/usr/local/texlive/2025/texmf-dist/tex/latex/lineno/lineno.sty
Package: lineno 2025/01/29 line numbers on paragraphs v5.4
\linenopenalty=\count363
\output=\toks32
\linenoprevgraf=\count364
\linenumbersep=\dimen182
\linenumberwidth=\dimen183
\c@linenumber=\count365
\c@pagewiselinenumber=\count366
\c@LN@truepage=\count367
\c@internallinenumber=\count368
\c@internallinenumbers=\count369
\quotelinenumbersep=\dimen184
\bframerule=\dimen185
\bframesep=\dimen186
\bframebox=\box92
\@LN@amsmath@ams@eqpen=\count370
LaTeX Info: Redefining \\ on input line 3187.
)
Package hyperref Info: Link coloring ON on input line 11.
 (./main.out)
(./main.out)
\@outlinefile=\write4
\openout4 = `main.out'.

Class revtex4-1 Info: Overriding lineo.sty, restoring output routine, on input 
line 11.
Class revtex4-1 Info: Line numbering not turned on yet on input line 11.
Class revtex4-1 Info: Overriding \@LN@LLerror on input line 11.
LaTeX Font Info:    Trying to load font information for U+lasy on input line 17
.
 (/usr/local/texlive/2025/texmf-dist/tex/latex/base/ulasy.fd
File: ulasy.fd 1998/08/17 v2.2e LaTeX symbol font definitions
)
LaTeX Font Info:    Trying to load font information for U+msa on input line 17.


(/usr/local/texlive/2025/texmf-dist/tex/latex/amsfonts/umsa.fd
File: umsa.fd 2013/01/14 v3.01 AMS symbols A
)
LaTeX Font Info:    Trying to load font information for U+msb on input line 17.


(/usr/local/texlive/2025/texmf-dist/tex/latex/amsfonts/umsb.fd
File: umsb.fd 2013/01/14 v3.01 AMS symbols B
) [1{/usr/local/texlive/2025/texmf-var/fonts/map/pdftex/updmap/pdftex.map}]
Underfull \hbox (badness 1629) in paragraph at lines 39--40
[]\OT1/cmr/m/n/10 In this pa-per, we present the first such au-dit.
 []

[2]
Underfull \hbox (badness 2111) in paragraph at lines 82--83
\OT1/cmr/m/n/10 trans-for-ma-tion and there-fore can-not cor-rect class-
 []


Underfull \hbox (badness 1852) in paragraph at lines 82--83
\OT1/cmr/m/n/10 asymmetric miscalibration---where some classes are
 []


Underfull \hbox (badness 10000) in paragraph at lines 92--93
[]\OT1/cmr/m/n/10 Many as-tro-nom-i-cal clas-si-fiers em-ploy inverse-
 []


Underfull \hbox (badness 1490) in paragraph at lines 92--93
\OT1/cmr/m/n/10 im-bal-ance corrections---including ran-dom un-der-sam-
 []

[3]
Overfull \hbox (10.88353pt too wide) in paragraph at lines 124--124
[][]| [] [][][]| 
 []


Overfull \hbox (10.88353pt too wide) in paragraph at lines 126--126
[][]| [] [][][]| 
 []


Underfull \hbox (badness 6510) in paragraph at lines 126--127
[]\OT1/cmr/bx/n/10 Fink. \OT1/cmr/m/n/10 We query the Fink API[][][][][] for tw
o
 []


Underfull \hbox (badness 8000) in paragraph at lines 126--127
\OT1/cmr/m/n/10 bi-nary clas-si-fiers: the Ran-dom For-est SN Ia
 []


Underfull \hbox (badness 10000) in paragraph at lines 126--127
\OT1/cmr/m/n/10 clas-si-fier (\OT1/cmtt/m/n/10 rf[]snia[]vs[]nonia\OT1/cmr/m/n/
10 ) and Su-perN-Nova
 []

[4]
<fig1_alerce_reliability.pdf, id=346, 253.78093pt x 309.756pt>
File: fig1_alerce_reliability.pdf Graphic file (type pdf)
<use fig1_alerce_reliability.pdf>
Package pdftex.def Info: fig1_alerce_reliability.pdf  used on input line 208.
(pdftex.def)             Requested size: 205.92802pt x 251.35945pt.
<fig2_alerce_perclass.pdf, id=347, 728.12555pt x 521.52225pt>
File: fig2_alerce_perclass.pdf Graphic file (type pdf)
<use fig2_alerce_perclass.pdf>
Package pdftex.def Info: fig2_alerce_perclass.pdf  used on input line 213.
(pdftex.def)             Requested size: 436.15294pt x 312.40646pt.
<fig3_alerce_tempscaling.pdf, id=348, 498.42114pt x 308.62552pt>
File: fig3_alerce_tempscaling.pdf Graphic file (type pdf)
<use fig3_alerce_tempscaling.pdf>
Package pdftex.def Info: fig3_alerce_tempscaling.pdf  used on input line 218.
(pdftex.def)             Requested size: 436.15294pt x 270.0749pt.

Underfull \hbox (badness 1072) in paragraph at lines 225--226
\OT1/cmr/m/n/10 et al.[][] [][]2022[][]) and a re-cur-rent Su-perN-Nova net-wor
k
 []

[5 <./fig1_alerce_reliability.pdf>] [6 <./fig2_alerce_perclass.pdf>]

LaTeX Warning: A float is stuck (cannot be placed) on input line 226.

[7 <./fig3_alerce_tempscaling.pdf>]

LaTeX Warning: Reference `fig:fink_raw' on page 8 undefined on input line 241.


LaTeX Warning: Reference `fig:fink_conditional' on page 8 undefined on input li
ne 249.


Underfull \hbox (badness 2443) in paragraph at lines 251--252
[]\OT1/cmr/m/n/10 SuperNNova's con-di-tional di-a-gram shows better-
 []

[8]
<diagnostic_random_forest_histogram.pdf, id=577, 507.27328pt x 337.57996pt>
File: diagnostic_random_forest_histogram.pdf Graphic file (type pdf)
<use diagnostic_random_forest_histogram.pdf>
Package pdftex.def Info: diagnostic_random_forest_histogram.pdf  used on input 
line 268.
(pdftex.def)             Requested size: 205.92802pt x 137.03848pt.
<diagnostic_supernnova_histogram.pdf, id=578, 504.29759pt x 337.57996pt>
File: diagnostic_supernnova_histogram.pdf Graphic file (type pdf)
<use diagnostic_supernnova_histogram.pdf>
Package pdftex.def Info: diagnostic_supernnova_histogram.pdf  used on input lin
e 273.
(pdftex.def)             Requested size: 205.92802pt x 137.85236pt.
<fig_fink_random_forest_raw.pdf, id=579, 262.4226pt x 309.756pt>
File: fig_fink_random_forest_raw.pdf Graphic file (type pdf)
<use fig_fink_random_forest_raw.pdf>
Package pdftex.def Info: fig_fink_random_forest_raw.pdf  used on input line 278
.
(pdftex.def)             Requested size: 205.92802pt x 243.06918pt.
<fig_fink_random_forest_conditional.pdf, id=580, 274.44249pt x 309.756pt>
File: fig_fink_random_forest_conditional.pdf Graphic file (type pdf)
<use fig_fink_random_forest_conditional.pdf>
Package pdftex.def Info: fig_fink_random_forest_conditional.pdf  used on input 
line 283.
(pdftex.def)             Requested size: 205.92802pt x 232.42513pt.
<fig_fink_supernnova_raw.pdf, id=581, 256.66672pt x 309.756pt>
File: fig_fink_supernnova_raw.pdf Graphic file (type pdf)
<use fig_fink_supernnova_raw.pdf>
Package pdftex.def Info: fig_fink_supernnova_raw.pdf  used on input line 288.
(pdftex.def)             Requested size: 205.92802pt x 248.52827pt.
<fig_fink_supernnova_conditional.pdf, id=582, 267.83185pt x 309.756pt>
File: fig_fink_supernnova_conditional.pdf Graphic file (type pdf)
<use fig_fink_supernnova_conditional.pdf>
Package pdftex.def Info: fig_fink_supernnova_conditional.pdf  used on input lin
e 293.
(pdftex.def)             Requested size: 205.92802pt x 238.16309pt.
 [9 <./diagnostic_random_forest_histogram.pdf> <./diagnostic_supernnova_histogr
am.pdf>]

LaTeX Warning: A float is stuck (cannot be placed) on input line 303.


LaTeX Warning: A float is stuck (cannot be placed) on input line 303.


Class revtex4-1 Warning: Deferred float stuck during \clearpage processing.

[10 <./fig_fink_random_forest_raw.pdf> <./fig_fink_random_forest_conditional.pd
f> <./fig_fink_supernnova_raw.pdf> <./fig_fink_supernnova_conditional.pdf>]
Underfull \hbox (badness 2809) in paragraph at lines 308--309
[]\OT1/cmr/m/n/10 Silent fail-ure anal-y-sis re-veals 17 pre-dic-tions at
 []

<fig_needle_reliability.pdf, id=902, 253.78093pt x 309.756pt>
File: fig_needle_reliability.pdf Graphic file (type pdf)
<use fig_needle_reliability.pdf>
Package pdftex.def Info: fig_needle_reliability.pdf  used on input line 311.
(pdftex.def)             Requested size: 205.92802pt x 251.35945pt.
<fig_needle_perclass.pdf, id=905, 729.08917pt x 272.37143pt>
File: fig_needle_perclass.pdf Graphic file (type pdf)
<use fig_needle_perclass.pdf>
Package pdftex.def Info: fig_needle_perclass.pdf  used on input line 316.
(pdftex.def)             Requested size: 436.15294pt x 162.942pt.
<fig8_comparison.pdf, id=907, 498.25023pt x 281.74608pt>
File: fig8_comparison.pdf Graphic file (type pdf)
<use fig8_comparison.pdf>
Package pdftex.def Info: fig8_comparison.pdf  used on input line 325.
(pdftex.def)             Requested size: 436.15294pt x 246.64328pt.

Underfull \hbox (badness 1983) in paragraph at lines 338--339
[]\OT1/cmr/m/n/10 NEEDLE's class-asymmetric mis-cal-i-bra-tion rep-re-
 []

[11 <./fig_needle_reliability.pdf>] [12 <./fig_needle_perclass.pdf> <./fig8_com
parison.pdf>]
Underfull \hbox (badness 4752) in paragraph at lines 350--351
[]\OT1/cmr/m/n/10 Making Fink's im-plicit ab-sten-tion ex-plicit and
 []


Underfull \hbox (badness 4779) in paragraph at lines 354--355
\OT1/cmr/m/n/10 for follow-up al-lo-ca-tion. An as-tronomer us-ing
 []


Underfull \hbox (badness 2781) in paragraph at lines 354--355
\OT1/cmr/m/n/10 en-abling mean-ing-ful probability-based thresh-old-ing.
 []

[13]
Underfull \hbox (badness 3068) in paragraph at lines 394--395
\OT1/cmr/m/n/10 asymmetric mis-cal-i-bra-tion driven by inverse-
 []


Underfull \hbox (badness 10000) in paragraph at lines 401--402
[]\OT1/cmr/m/n/10 Our anal-y-sis code and re-sults are pub-
 []


Underfull \hbox (badness 7273) in paragraph at lines 401--402
\OT1/cmr/m/n/10 licly avail-able at [][]$https : / / github . com / pallavi-[]2
000 /
 []


Underfull \hbox (badness 1783) in paragraph at lines 405--406
\OT1/cmr/m/n/10 sults are pub-licly avail-able at [][]$https : / / github . com
 /
 []

(./main.bbl [14]) [15] (./main.aux)
 ***********
LaTeX2e <2024-11-01> patch level 2
L3 programming layer <2025-01-18>
 ***********


LaTeX Warning: There were undefined references.

Package rerunfilecheck Info: File `main.out' has not changed.
(rerunfilecheck)             Checksum: 8C8079F53E0AA73196CA514D06CF6E27;6217.
 ) 
Here is how much of TeX's memory you used:
 14059 strings out of 473190
 210105 string characters out of 5715800
 695270 words of memory out of 5000000
 37004 multiletter control sequences out of 15000+600000
 571802 words of font info for 87 fonts, out of 8000000 for 9000
 1141 hyphenation exceptions out of 8191
 90i,11n,93p,1951b,511s stack positions out of 10000i,1000n,20000p,200000b,200000s
</usr/local/texlive/2025/texmf-dist/fonts/type1/public/amsfonts/cm/cmbx10.pfb
></usr/local/texlive/2025/texmf-dist/fonts/type1/public/amsfonts/cm/cmbx8.pfb><
/usr/local/texlive/2025/texmf-dist/fonts/type1/public/amsfonts/cm/cmbx9.pfb></u
sr/local/texlive/2025/texmf-dist/fonts/type1/public/amsfonts/cm/cmcsc10.pfb></u
sr/local/texlive/2025/texmf-dist/fonts/type1/public/amsfonts/cm/cmex10.pfb></us
r/local/texlive/2025/texmf-dist/fonts/type1/public/amsfonts/cm/cmmi10.pfb></usr
/local/texlive/2025/texmf-dist/fonts/type1/public/amsfonts/cm/cmmi7.pfb></usr/l
ocal/texlive/2025/texmf-dist/fonts/type1/public/amsfonts/cm/cmmi9.pfb></usr/loc
al/texlive/2025/texmf-dist/fonts/type1/public/amsfonts/cm/cmr10.pfb></usr/local
/texlive/2025/texmf-dist/fonts/type1/public/amsfonts/cm/cmr6.pfb></usr/local/te
xlive/2025/texmf-dist/fonts/type1/public/amsfonts/cm/cmr7.pfb></usr/local/texli
ve/2025/texmf-dist/fonts/type1/public/amsfonts/cm/cmr8.pfb></usr/local/texlive/
2025/texmf-dist/fonts/type1/public/amsfonts/cm/cmr9.pfb></usr/local/texlive/202
5/texmf-dist/fonts/type1/public/amsfonts/cm/cmss8.pfb></usr/local/texlive/2025/
texmf-dist/fonts/type1/public/amsfonts/cm/cmsy10.pfb></usr/local/texlive/2025/t
exmf-dist/fonts/type1/public/amsfonts/cm/cmsy9.pfb></usr/local/texlive/2025/tex
mf-dist/fonts/type1/public/amsfonts/cm/cmti10.pfb></usr/local/texlive/2025/texm
f-dist/fonts/type1/public/amsfonts/cm/cmti12.pfb></usr/local/texlive/2025/texmf
-dist/fonts/type1/public/amsfonts/cm/cmti8.pfb></usr/local/texlive/2025/texmf-d
ist/fonts/type1/public/amsfonts/cm/cmti9.pfb></usr/local/texlive/2025/texmf-dis
t/fonts/type1/public/amsfonts/cm/cmtt10.pfb></usr/local/texlive/2025/texmf-dist
/fonts/type1/public/amsfonts/cm/cmtt9.pfb>
Output written on main.pdf (15 pages, 538143 bytes).
PDF statistics:
 1312 PDF objects out of 1440 (max. 8388607)
 694 compressed objects within 7 object streams
 127 named destinations out of 1000 (max. 500000)
 317 words of extra memory for PDF output out of 10000 (max. 10000000)

